2024-06-18 21:41:36 [INFO] Open url https://www.6pm.com/
2024-06-18 21:41:40 [INFO] Input field located and text was filled
2024-06-18 21:41:40 [INFO] Successfully redirected to searched text page
2024-06-18 21:41:41 [INFO] Elements located
2024-06-18 21:41:41 [INFO] Brand was found
2024-06-18 21:41:41 [INFO] Elements located
2024-06-18 21:41:41 [INFO] Price was found
2024-06-18 21:44:28 [INFO] Open url https://www.6pm.com/
2024-06-18 21:44:32 [INFO] Input field located and text was filled
2024-06-18 21:44:32 [INFO] Successfully redirected to searched text page
2024-06-18 21:44:32 [INFO] Elements located
2024-06-18 21:44:32 [INFO] Brand was found
2024-06-18 21:44:37 [INFO] Elements located
2024-06-18 21:44:37 [INFO] Price was found
2024-06-18 22:01:28 [INFO] Open url https://www.6pm.com/
2024-06-18 22:01:32 [INFO] Input field located and text was filled
2024-06-18 22:01:32 [INFO] Successfully redirected to searched text page
2024-06-18 22:01:32 [INFO] Elements located
2024-06-18 22:01:33 [INFO] Brand was found
2024-06-18 22:01:33 [INFO] Elements located
2024-06-18 22:01:33 [INFO] Price was found
2024-06-18 22:03:45 [INFO] Open url https://www.6pm.com/
2024-06-18 22:03:48 [INFO] Input field located and text was filled
2024-06-18 22:03:48 [INFO] Successfully redirected to searched text page
2024-06-18 22:03:48 [INFO] Elements located
2024-06-18 22:03:48 [INFO] Brand was found
2024-06-18 22:03:49 [INFO] Elements located
2024-06-18 22:03:49 [INFO] Price was found
2024-06-18 22:03:50 [INFO] Elements located
2024-06-18 22:05:13 [INFO] Open url https://www.6pm.com/
2024-06-18 22:05:17 [INFO] Input field located and text was filled
2024-06-18 22:05:17 [INFO] Successfully redirected to searched text page
2024-06-18 22:05:17 [INFO] Elements located
2024-06-18 22:05:17 [INFO] Brand was found
2024-06-18 22:05:18 [INFO] Elements located
2024-06-18 22:05:18 [INFO] Price was found
2024-06-18 22:05:18 [INFO] Elements located
2024-06-18 22:09:04 [INFO] Open url https://www.6pm.com/
2024-06-18 22:09:08 [INFO] Input field located and text was filled
2024-06-18 22:09:08 [INFO] Successfully redirected to searched text page
2024-06-18 22:09:08 [INFO] Elements located
2024-06-18 22:09:08 [INFO] Brand was found
2024-06-18 22:09:10 [INFO] Elements located
2024-06-18 22:09:10 [INFO] Price was found
2024-06-18 22:18:27 [INFO] Open url https://www.6pm.com/
2024-06-18 22:18:31 [INFO] Input field located and text was filled
2024-06-18 22:18:31 [INFO] Successfully redirected to searched text page
2024-06-18 22:18:31 [INFO] Elements located
2024-06-18 22:18:31 [INFO] Brand was found
2024-06-18 22:18:32 [INFO] Elements located
2024-06-18 22:20:06 [INFO] Open url https://www.6pm.com/
2024-06-18 22:20:10 [INFO] Input field located and text was filled
2024-06-18 22:20:10 [INFO] Successfully redirected to searched text page
2024-06-18 22:20:10 [INFO] Elements located
2024-06-18 22:20:10 [INFO] Brand was found
2024-06-18 22:20:12 [INFO] Elements located
2024-06-18 22:20:12 [INFO] Price was found
2024-06-18 22:54:22 [INFO] Open url https://www.6pm.com/
2024-06-18 22:54:27 [INFO] Input field located and text was filled
2024-06-18 22:54:27 [INFO] Successfully redirected to searched text page
2024-06-18 22:54:27 [INFO] Elements located
2024-06-18 22:54:27 [INFO] Brand was found
2024-06-18 22:54:28 [INFO] Elements located
2024-06-18 22:54:28 [INFO] Price was found
2024-06-18 22:55:32 [INFO] Open url https://www.6pm.com/
2024-06-18 22:55:36 [INFO] Input field located and text was filled
2024-06-18 22:55:36 [INFO] Successfully redirected to searched text page
2024-06-18 22:55:36 [INFO] Elements located
2024-06-18 22:55:37 [INFO] Brand was found
2024-06-18 22:55:39 [INFO] Elements located
2024-06-18 22:55:39 [INFO] Price was found
2024-06-18 22:56:34 [INFO] Open url https://www.6pm.com/
2024-06-18 22:56:40 [INFO] Input field located and text was filled
2024-06-18 22:56:40 [INFO] Successfully redirected to searched text page
2024-06-18 22:56:40 [INFO] Elements located
2024-06-18 22:56:40 [INFO] Brand was found
2024-06-18 22:56:41 [INFO] Elements located
